<?xml version="1.0" encoding="UTF-8"?>
<beans xmlns="http://www.springframework.org/schema/beans"
		xmlns:xsi="http://www.w3.org/2001/XMLSchema-instance"
		xmlns:p="http://www.springframework.org/schema/p"
		xmlns:context="http://www.springframework.org/schema/context"
		xmlns:aop="http://www.springframework.org/schema/aop"
		xmlns:tx="http://www.springframework.org/schema/tx"
		xmlns:task="http://www.springframework.org/schema/task"
		xmlns:util="http://www.springframework.org/schema/util"
		xmlns:mvc="http://www.springframework.org/schema/mvc"
		xsi:schemaLocation="http://www.springframework.org/schema/beans
					http://www.springframework.org/schema/beans/spring-beans-3.2.xsd
					http://www.springframework.org/schema/context
					http://www.springframework.org/schema/context/spring-context-3.2.xsd
					http://www.springframework.org/schema/aop
					http://www.springframework.org/schema/aop/spring-aop-3.2.xsd
					http://www.springframework.org/schema/tx
					http://www.springframework.org/schema/tx/spring-tx-3.2.xsd
					http://www.springframework.org/schema/task
					http://www.springframework.org/schema/task/spring-task-3.2.xsd
					http://www.springframework.org/schema/util
					http://www.springframework.org/schema/util/spring-util-3.2.xsd
					http://www.springframework.org/schema/mvc
					http://www.springframework.org/schema/mvc/spring-mvc-3.2.xsd">

	<!-- DispatcherServlet Context: defines this servlet's request-processing infrastructure -->
	
	<!-- Enables the Spring MVC @Controller programming model -->
	<mvc:annotation-driven>
	    <mvc:message-converters>
	        <bean class="org.springframework.http.converter.StringHttpMessageConverter">
	            <property name="supportedMediaTypes">
	                <list>
	                    <value>text/html;charset=UTF-8</value>
	                </list>
	            </property>
	        </bean>
	    </mvc:message-converters>
	</mvc:annotation-driven>
	
	<aop:aspectj-autoproxy />
	<!-- <bean class="kr.co.wincom.curation.common.aop.AuthenticationAspectCuration" /> -->
	
	<context:component-scan base-package="kr.co.wincom" />
	
	<!-- 트랜잭션 관리자 -->
	<bean id="transactionManager" class="org.springframework.jdbc.datasource.DataSourceTransactionManager">
		<property name="dataSource" ref="dataSource" />
	</bean>
	
	
	<!-- Annotation 기반 트랜잭션 설정 -->
	<!-- <tx:annotation-driven transaction-manager="transactionManager" />-->
	 
	<aop:config>
		<aop:advisor
		    pointcut="execution(* kr.co.wincom.imcs.api..*Service*.*(..))"
		    advice-ref="txAdvice" />
	</aop:config>
	         
	<tx:advice id="txAdvice" transaction-manager="transactionManager">
	    <tx:attributes>
	        <tx:method name="add*" rollback-for="Exception"/>
	        <tx:method name="rm*" rollback-for="Exception"/>
	        <tx:method name="buy*" rollback-for="Exception"/>
	    </tx:attributes>
	</tx:advice>
	
	<!-- common의 schedule에서 빈로그파일이라도 생성해주도록 하는 스케쥴 -->
	<task:scheduler id="taskScheduler" pool-size="1"/>
	<task:annotation-driven scheduler="taskScheduler" />
	
</beans>
